<?xml version="1.0" encoding="UTF-8"?>
<testsuite name="com.example.project.TestWordPair" tests="2" skipped="0" failures="0" errors="0" timestamp="2025-02-15T05:56:41" hostname="codespaces-4247b3" time="0.034">
  <properties/>
  <testcase name="testPARTA()" classname="com.example.project.TestWordPair" time="0.028"/>
  <testcase name="testPARTB()" classname="com.example.project.TestWordPair" time="0.004"/>
  <system-out><![CDATA[]]></system-out>
  <system-err><![CDATA[]]></system-err>
</testsuite>
