<?xml version="1.0" encoding="UTF-8"?>
<testsuite name="com.example.project.TestUtility" tests="1" skipped="0" failures="0" errors="0" timestamp="2025-02-15T05:56:41" hostname="codespaces-4247b3" time="0.022">
  <properties/>
  <testcase name="testSort()" classname="com.example.project.TestUtility" time="0.022"/>
  <system-out><![CDATA[]]></system-out>
  <system-err><![CDATA[]]></system-err>
</testsuite>
